  mat.cpp
C:\Users\dotaofll\source\repos\lenet-5\lenet-5\mat.cpp(11,20): warning C4018:  “<”: 有符号/无符号不匹配
C:\Users\dotaofll\source\repos\lenet-5\lenet-5\mat.cpp(12,21): warning C4018:  “<”: 有符号/无符号不匹配
C:\Users\dotaofll\source\repos\lenet-5\lenet-5\mat.cpp(38,20): warning C4018:  “<”: 有符号/无符号不匹配
C:\Users\dotaofll\source\repos\lenet-5\lenet-5\mat.cpp(39,21): warning C4018:  “<”: 有符号/无符号不匹配
C:\Users\dotaofll\source\repos\lenet-5\lenet-5\mat.cpp(40,22): warning C4018:  “<”: 有符号/无符号不匹配
C:\Users\dotaofll\source\repos\lenet-5\lenet-5\mat.cpp(41,23): warning C4018:  “<”: 有符号/无符号不匹配
C:\Users\dotaofll\source\repos\lenet-5\lenet-5\mat.cpp(85,20): warning C4018:  “<”: 有符号/无符号不匹配
C:\Users\dotaofll\source\repos\lenet-5\lenet-5\mat.cpp(87,21): warning C4018:  “<”: 有符号/无符号不匹配
C:\Users\dotaofll\source\repos\lenet-5\lenet-5\mat.cpp(88,22): warning C4018:  “<”: 有符号/无符号不匹配
C:\Users\dotaofll\source\repos\lenet-5\lenet-5\mat.cpp(91,21): warning C4018:  “<”: 有符号/无符号不匹配
C:\Users\dotaofll\source\repos\lenet-5\lenet-5\mat.cpp(92,22): warning C4018:  “<”: 有符号/无符号不匹配
C:\Users\dotaofll\source\repos\lenet-5\lenet-5\mat.cpp(103,20): warning C4018:  “<”: 有符号/无符号不匹配
C:\Users\dotaofll\source\repos\lenet-5\lenet-5\mat.cpp(105,21): warning C4018:  “<”: 有符号/无符号不匹配
C:\Users\dotaofll\source\repos\lenet-5\lenet-5\mat.cpp(107,10): warning C4018:  “<”: 有符号/无符号不匹配
C:\Users\dotaofll\source\repos\lenet-5\lenet-5\mat.cpp(107,22): warning C4018:  “<”: 有符号/无符号不匹配
C:\Users\dotaofll\source\repos\lenet-5\lenet-5\mat.cpp(107,34): warning C4018:  “>=”: 有符号/无符号不匹配
C:\Users\dotaofll\source\repos\lenet-5\lenet-5\mat.cpp(107,55): warning C4018:  “>=”: 有符号/无符号不匹配
C:\Users\dotaofll\source\repos\lenet-5\lenet-5\mat.cpp(121,20): warning C4018:  “<”: 有符号/无符号不匹配
C:\Users\dotaofll\source\repos\lenet-5\lenet-5\mat.cpp(123,21): warning C4018:  “<”: 有符号/无符号不匹配
C:\Users\dotaofll\source\repos\lenet-5\lenet-5\mat.cpp(125,10): warning C4018:  “>=”: 有符号/无符号不匹配
C:\Users\dotaofll\source\repos\lenet-5\lenet-5\mat.cpp(125,26): warning C4018:  “>=”: 有符号/无符号不匹配
C:\Users\dotaofll\source\repos\lenet-5\lenet-5\mat.cpp(125,42): warning C4018:  “<”: 有符号/无符号不匹配
C:\Users\dotaofll\source\repos\lenet-5\lenet-5\mat.cpp(125,63): warning C4018:  “<”: 有符号/无符号不匹配
C:\Users\dotaofll\source\repos\lenet-5\lenet-5\mat.cpp(137,20): warning C4018:  “<”: 有符号/无符号不匹配
C:\Users\dotaofll\source\repos\lenet-5\lenet-5\mat.cpp(138,21): warning C4018:  “<”: 有符号/无符号不匹配
C:\Users\dotaofll\source\repos\lenet-5\lenet-5\mat.cpp(146,20): warning C4018:  “<”: 有符号/无符号不匹配
C:\Users\dotaofll\source\repos\lenet-5\lenet-5\mat.cpp(147,21): warning C4018:  “<”: 有符号/无符号不匹配
  正在生成代码
  37 of 333 functions (11.1%) were compiled, the rest were copied from previous compilation.
    24 functions were new in current compilation
    6 functions had inline decision re-evaluated but remain unchanged
  已完成代码的生成
  lenet-5.vcxproj -> C:\Users\dotaofll\source\repos\lenet-5\Release\lenet-5.exe
